2022-04-22 18:36:31.213232
0
8
9
[2150.751762  902.219393  821.429085 1019.233378  701.704773  585.252978
 1038.964025  596.691377 1714.810327 4054.430337  420.962158  212.359466]
[ 8164.872527  2037.910074  1869.238317  2240.128815  1614.140719
  1517.301202  2310.557812  1531.562656  5461.506844 10078.181028
  1360.59165   1082.016975]
2022-04-22 18:36:34.677324
2022-04-22 19:08:56.861026
/home/subrata/Research/MRI/DeepSynMRI/FLASH_pure_DL.py:146: RuntimeWarning: invalid value encountered in true_divide
  print( np.nanmean(2 * tmp_diff / (test + LS_pred), axis=0) )
[5.659232 5.306898 5.197406 4.05529  3.518815 4.623465 3.182476 2.304526
 1.272556]
[0.182713 0.188448 0.152822 0.174372 0.18275  0.136625 0.166057 0.174719
 0.19567 ]
10000
20000
30000
50000
80000
180000
190000
200000
220000
250000
290000
300000
310000
320000
330000
340000
350000
360000
390000
400000
410000
430000
480000
500000
510000
520000
530000
540000
550000
560000
570000
600000
610000
630000
640000
660000
680000
720000
740000
760000
780000
790000
840000
850000
880000
890000
920000
940000
950000
980000
990000
1000000
1020000
1030000
1040000
1050000
1070000
1100000
1140000
1160000
1190000
1200000
1210000
1230000
1250000
1270000
1300000
1320000
1330000
1350000
1370000
1380000
1390000
0
40000
60000
70000
90000
100000
110000
120000
130000
140000
150000
160000
170000
210000
230000
240000
260000
270000
280000
370000
380000
420000
440000
450000
460000
470000
490000
580000
590000
620000
650000
670000
690000
700000
710000
730000
750000
770000
800000
810000
820000
830000
860000
870000
900000
910000
930000
960000
970000
1010000
1060000
1080000
1090000
1110000
1120000
1130000
1150000
1170000
1180000
1220000
1240000
1260000
1280000
1290000
1310000
1340000
1360000
1400000
1410000
