2022-04-20 12:26:36.983059
2022-04-20 12:26:39.534150
1413972
2022-04-20 12:36:42.357446
/home/subrata/Research/MRI/DeepSynMRI/SE_pure_DL.py:133: RuntimeWarning: invalid value encountered in true_divide
  print( np.nanmean(2 * tmp_diff / (test + LS_pred), axis=0) )
[ 75.31274511  70.08419811 109.38354177  83.70035465  73.5256059
 143.60011772  99.50937205  89.73124333   1.2931215 ]
[1.87831673 1.87403562 1.91455124 1.90293196 1.8966575  1.93716784
 1.92469923 1.92414527 1.9018215 ]
0
40000
60000
70000
90000
110000
120000
160000
170000
200000
210000
230000
240000
270000
280000
290000
300000
340000
360000
370000
380000
410000
420000
430000
440000
460000
490000
500000
520000
540000
550000
560000
570000
580000
600000
610000
620000
660000
670000
710000
720000
740000
760000
810000
820000
830000
850000
860000
890000
910000
920000
930000
940000
950000
970000
980000
1020000
1030000
1110000
1120000
1150000
1210000
1240000
1250000
1270000
1300000
1310000
1340000
1370000
1390000
1410000
10000
20000
30000
50000
80000
100000
130000
140000
150000
180000
190000
220000
250000
260000
310000
320000
330000
350000
390000
400000
450000
470000
480000
510000
530000
590000
630000
640000
650000
680000
690000
700000
730000
750000
770000
780000
790000
800000
840000
870000
880000
900000
960000
990000
1000000
1010000
1040000
1050000
1060000
1070000
1080000
1090000
1100000
1130000
1140000
1160000
1170000
1180000
1190000
1200000
1220000
1230000
1260000
1280000
1290000
1320000
1330000
1350000
1360000
1380000
1400000
