2022-04-20 03:04:45.650367
2022-04-20 03:04:48.052265
1413972
2022-04-20 03:14:32.501577
/home/subrata/Research/MRI/DeepSynMRI/SE_pure_DL.py:132: RuntimeWarning: invalid value encountered in true_divide
  print( np.nanmean(2 * tmp_diff / (test + LS_pred), axis=0) )
[ 74.32935164  69.17371165 107.94883195  82.62225811  72.58450351
 141.69051984  98.20935209  88.53090421   1.27589902]
[1.87836437 1.874099   1.91464984 1.90305885 1.89678561 1.93727089
 1.92480877 1.92422719 1.90128473]
60000
80000
110000
170000
200000
260000
270000
300000
310000
330000
340000
360000
380000
390000
410000
420000
430000
440000
470000
480000
490000
500000
530000
560000
580000
590000
600000
620000
630000
640000
650000
690000
740000
780000
790000
800000
830000
840000
890000
910000
920000
930000
940000
970000
1010000
1030000
1050000
1060000
1080000
1090000
1100000
1130000
1150000
1160000
1190000
1220000
1240000
1260000
1270000
1280000
1300000
1310000
1320000
1330000
1340000
1380000
1410000
0
10000
20000
30000
40000
50000
70000
90000
100000
120000
130000
140000
150000
160000
180000
190000
210000
220000
230000
240000
250000
280000
290000
320000
350000
370000
400000
450000
460000
510000
520000
540000
550000
570000
610000
660000
670000
680000
700000
710000
720000
730000
750000
760000
770000
810000
820000
850000
860000
870000
880000
900000
950000
960000
980000
990000
1000000
1020000
1040000
1070000
1110000
1120000
1140000
1170000
1180000
1200000
1210000
1230000
1250000
1290000
1350000
1360000
1370000
1390000
1400000
