2022-04-20 02:11:10.845952
2022-04-20 02:11:12.772368
1413972
/home/subrata/miniconda3/envs/DeepSynMRI/lib/python3.9/site-packages/joblib/externals/loky/backend/resource_tracker.py:318: UserWarning: resource_tracker: There appear to be 2 leaked file objects to clean up at shutdown
  warnings.warn('resource_tracker: There appear to be %d '
/home/subrata/miniconda3/envs/DeepSynMRI/lib/python3.9/site-packages/joblib/externals/loky/backend/resource_tracker.py:318: UserWarning: resource_tracker: There appear to be 8 leaked semlock objects to clean up at shutdown
  warnings.warn('resource_tracker: There appear to be %d '
/home/subrata/miniconda3/envs/DeepSynMRI/lib/python3.9/site-packages/joblib/externals/loky/backend/resource_tracker.py:318: UserWarning: resource_tracker: There appear to be 2 leaked folder objects to clean up at shutdown
  warnings.warn('resource_tracker: There appear to be %d '
10000
1330000
1340000
1370000
1390000
1400000
1410000
40000
60000
70000
80000
100000
120000
130000
150000
160000
180000
210000
220000
230000
240000
260000
270000
280000
300000
320000
330000
350000
360000
370000
380000
400000
430000
440000
470000
490000
510000
520000
550000
600000
650000
660000
670000
680000
690000
700000
730000
740000
750000
770000
790000
800000
830000
840000
860000
870000
890000
920000
950000
970000
1000000
1030000
1040000
1050000
1070000
1080000
1090000
1110000
1120000
1130000
1140000
1160000
1180000
1200000
1250000
1270000
1280000
1300000
1320000
1350000
1360000
1380000
