2022-04-20 12:44:41.565380
2022-04-20 12:44:43.435040
1413972
2022-04-20 12:56:08.588344
/home/subrata/Research/MRI/DeepSynMRI/SE_pure.py:134: RuntimeWarning: invalid value encountered in true_divide
  print( np.nanmean(2 * tmp_diff / (test + LS_pred), axis=0) )
[27.16410837 23.16961798 59.40593734 38.50241597 30.54139209 93.50816556
 56.40883254 50.70524688 33.32556702]
[0.40837492 0.37303253 0.7002562  0.57705531 0.51493456 0.93292847
 0.77804061 0.76688821 1.99533786]
10000
20000
30000
40000
50000
70000
130000
180000
190000
240000
300000
310000
330000
360000
370000
380000
390000
440000
450000
460000
470000
510000
530000
550000
560000
570000
580000
600000
610000
620000
630000
640000
650000
660000
670000
690000
700000
710000
720000
730000
740000
750000
760000
770000
780000
810000
830000
840000
890000
900000
910000
930000
950000
980000
990000
1030000
1040000
1050000
1060000
1090000
1120000
1130000
1170000
1180000
1200000
1250000
1290000
1300000
1330000
1340000
1370000
1380000
1390000
1400000
0
60000
80000
90000
100000
110000
120000
140000
150000
160000
170000
200000
210000
220000
230000
250000
260000
270000
280000
290000
320000
340000
350000
400000
410000
420000
430000
480000
490000
500000
520000
540000
590000
680000
790000
800000
820000
850000
860000
870000
880000
920000
940000
960000
970000
1000000
1010000
1020000
1070000
1080000
1100000
1110000
1140000
1150000
1160000
1190000
1210000
1220000
1230000
1240000
1260000
1270000
1280000
1310000
1320000
1350000
1360000
1410000
