2022-04-20 03:00:48.944524
2022-04-20 03:00:50.818643
1413972
2022-04-20 03:12:31.561657
/home/subrata/Research/MRI/DeepSynMRI/SE_pure.py:133: RuntimeWarning: invalid value encountered in true_divide
  print( np.nanmean(2 * tmp_diff / (test + LS_pred), axis=0) )
[26.85652404 22.91783361 58.66617312 38.05351869 30.19896876 92.29209768
 55.70593556 50.0449664  32.86501778]
[0.40909377 0.37389842 0.70031915 0.57758374 0.51565628 0.93274039
 0.77829804 0.76703665 1.99530014]
10000
20000
30000
50000
100000
110000
120000
140000
150000
170000
190000
200000
210000
220000
250000
260000
270000
290000
300000
310000
320000
380000
400000
410000
420000
430000
480000
500000
510000
520000
540000
550000
580000
590000
600000
610000
620000
640000
670000
690000
700000
710000
740000
770000
780000
800000
820000
840000
860000
870000
890000
920000
940000
960000
980000
1020000
1030000
1040000
1080000
1100000
1110000
1120000
1130000
1160000
1170000
1210000
1230000
1250000
1270000
1280000
1300000
1310000
1320000
0
40000
60000
70000
80000
90000
130000
160000
180000
230000
240000
280000
330000
340000
350000
360000
370000
390000
440000
450000
460000
470000
490000
530000
560000
570000
630000
650000
660000
680000
720000
730000
750000
760000
790000
810000
830000
850000
880000
900000
910000
930000
950000
970000
990000
1000000
1010000
1050000
1060000
1070000
1090000
1140000
1150000
1180000
1190000
1200000
1220000
1240000
1260000
1290000
1330000
1340000
1350000
1360000
1370000
1380000
1390000
1400000
1410000
