2022-06-06 14:58:40.420385
2022-06-06 14:58:41.446775
2022-06-06 14:58:41.446829


LS


[ 3.211817  3.283846  4.886703  4.067358  4.099233 11.082695  4.799186
  4.849594  4.215954]
4.944042948656014
[ 21.181369  21.914127  64.460096  36.158281  33.717192 459.047487
  52.24489   57.31221   44.951327]
[1.264686 1.26987  1.274814 1.277631 1.280033 1.318312 1.280354 1.285586
 1.311569]
2022-06-06 14:58:59.049414


DL LS


[ 3.452447  3.471872  5.027607  4.155823  4.148602 11.108992  4.87103
  4.850016  4.181441]
5.029758924582215
[ 25.294685  25.221809  68.888104  38.820418  35.060298 461.864194
  54.710628  57.919135  44.73644 ]
[1.268514 1.273312 1.276195 1.279013 1.280662 1.318389 1.281053 1.284224
 1.307767]
