2022-04-23 15:00:29.885562
0
8
9
[2150.751762  902.219393  821.429085 1019.233378  701.704773  585.252978
 1038.964025  596.691377 1714.810327 4054.430337  420.962158  212.359466]
[ 8164.872527  2037.910074  1869.238317  2240.128815  1614.140719
  1517.301202  2310.557812  1531.562656  5461.506844 10078.181028
  1360.59165   1082.016975]
2022-04-23 15:00:32.070509
2022-04-23 15:26:42.539708
/home/subrata/Research/MRI/DeepSynMRI/FLASH_pure_DL.py:146: RuntimeWarning: invalid value encountered in true_divide
  print( np.nanmean(2 * tmp_diff / (test + LS_pred), axis=0) )
[5.766131 5.393438 5.317677 4.103778 3.545872 4.734115 3.208196 2.315833
 1.286038]
[0.186508 0.191785 0.156771 0.176581 0.184147 0.140267 0.167392 0.175355
 0.197449]
40000
60000
70000
90000
110000
140000
160000
170000
180000
220000
230000
240000
250000
280000
290000
300000
310000
350000
360000
390000
410000
420000
430000
440000
460000
480000
490000
530000
590000
620000
680000
700000
740000
750000
760000
770000
780000
790000
800000
810000
820000
840000
850000
950000
960000
980000
1010000
1020000
1030000
1040000
1050000
1060000
1080000
1110000
1140000
1160000
1180000
1220000
1250000
1260000
1340000
1360000
1380000
1390000
1400000
1410000
0
10000
20000
30000
50000
80000
100000
120000
130000
150000
190000
200000
210000
260000
270000
320000
330000
340000
370000
380000
400000
450000
470000
500000
510000
520000
540000
550000
560000
570000
580000
600000
610000
630000
640000
650000
660000
670000
690000
710000
720000
730000
830000
860000
870000
880000
890000
900000
910000
920000
930000
940000
970000
990000
1000000
1070000
1090000
1100000
1120000
1130000
1150000
1170000
1190000
1200000
1210000
1230000
1240000
1270000
1280000
1290000
1300000
1310000
1320000
1330000
1350000
1370000
