2022-04-23 16:37:27.460019
0
8
9
[1040.968487  902.219393  821.429085 1019.233378  701.704773  585.252978
 1038.964025  596.691377  330.294322 1093.402355  420.962158  212.359466]
[2526.455522 2037.910074 1869.238317 2240.128815 1614.140719 1517.301202
 2310.557812 1531.562656 1221.317127 2583.5675   1360.59165  1082.016975]
[ 46.968271 139.685825 127.177492 157.802477 108.641214  90.611602
 160.857268  92.382549  14.884257  49.233942  65.17533   32.878485]
[104.447426 315.518766 289.404216 346.827217 249.908813 234.915666
 357.731364 237.123691  45.76124  104.27691  210.653161 167.522927]
2022-04-23 16:37:29.643882
2022-04-23 17:07:29.542490
/home/subrata/Research/MRI/DeepSynMRI/FLASH_pure_DL.py:148: RuntimeWarning: invalid value encountered in true_divide
  print( np.nanmean(2 * tmp_diff / (test + LS_pred), axis=0) )
[ 89.384046  81.311085 101.931998  69.979942  58.342093 104.479245
  59.822855  42.299422  21.449212]
[1.058108 1.053995 1.079802 1.064352 1.058688 1.091626 1.070802 1.067084
 1.067197]
0
10000
20000
30000
50000
80000
130000
140000
160000
210000
240000
270000
280000
310000
350000
360000
380000
390000
440000
450000
460000
470000
510000
520000
570000
580000
600000
610000
630000
660000
670000
700000
710000
780000
810000
830000
840000
850000
860000
870000
890000
930000
940000
970000
1000000
1010000
1030000
1050000
1060000
1090000
1120000
1130000
1150000
1160000
1180000
1210000
1250000
1260000
1270000
1310000
1320000
1330000
1360000
1380000
1390000
1410000
40000
60000
70000
90000
100000
110000
120000
150000
170000
180000
190000
200000
220000
230000
250000
260000
290000
300000
320000
330000
340000
370000
400000
410000
420000
430000
480000
490000
500000
530000
540000
550000
560000
590000
620000
640000
650000
680000
690000
720000
730000
740000
750000
760000
770000
790000
800000
820000
880000
900000
910000
920000
950000
960000
980000
990000
1020000
1040000
1070000
1080000
1100000
1110000
1140000
1170000
1190000
1200000
1220000
1230000
1240000
1280000
1290000
1300000
1340000
1350000
1370000
1400000
