2022-04-23 17:57:39.015400
0
8
9
[2150.751762 1829.769808 1705.633864 2646.738481 2037.147383 1795.709156
 3487.168143 2438.79451  1714.810327 4054.430337 2226.588059 1539.081946]
[ 8164.872527  6709.503531  6221.826673  8342.334032  6227.573156
  5398.546457  8826.402426  5781.217813  5461.506844 10078.181028
  6219.078302  5478.231311]
2022-04-23 17:57:42.216608
2022-04-23 23:44:54.108241
/home/subrata/Research/MRI/DeepSynMRI/SE_pure_DL.py:144: RuntimeWarning: invalid value encountered in true_divide
  print( np.nanmean(2 * tmp_diff / (test + LS_pred), axis=0) )
[4.730634 4.563024 5.997027 5.030491 4.725672 6.90479  4.982869 5.015386
 5.639115]
[0.118426 0.120152 0.103589 0.106931 0.110004 0.084819 0.084086 0.085795
 0.125756]
10000
20000
30000
50000
60000
90000
100000
130000
140000
160000
170000
180000
190000
220000
230000
250000
260000
270000
290000
300000
330000
340000
350000
380000
400000
410000
420000
430000
470000
480000
520000
540000
550000
560000
610000
620000
650000
660000
710000
750000
760000
780000
800000
810000
820000
840000
850000
860000
870000
890000
910000
920000
930000
940000
970000
990000
1020000
1030000
1040000
1050000
1060000
1070000
1100000
1110000
1170000
1200000
1210000
1230000
1260000
1270000
1290000
1310000
1340000
1350000
1360000
1370000
1400000
0
40000
70000
80000
110000
120000
150000
200000
210000
240000
280000
310000
320000
360000
370000
390000
440000
450000
460000
490000
500000
510000
530000
570000
580000
590000
600000
630000
640000
670000
680000
690000
700000
720000
730000
740000
770000
790000
830000
880000
900000
950000
960000
980000
1000000
1010000
1080000
1090000
1120000
1130000
1140000
1150000
1160000
1180000
1190000
1220000
1240000
1250000
1280000
1300000
1320000
1330000
1380000
1390000
1410000
