2022-04-23 16:38:18.575903
[1041.445874  902.219393  821.429085 1019.233378  701.704773  585.252978
 1038.964025  596.691377  331.422006 1093.77227   420.962158  212.359466]
[2499.112636 2037.910074 1869.238317 2240.128815 1614.140719 1517.301202
 2310.557812 1531.562656 1268.474013 2695.634663 1360.59165  1082.016975]
[154.538134 133.878586 121.890269 151.242064 104.12461   86.844554
 154.169857  88.541876  49.179069 162.302746  62.465758  31.511609]
[370.838477 302.401524 277.372649 332.408371 239.519211 225.149383
 342.859193 227.265612 188.226399 400.       201.895556 160.558401]
2022-04-23 16:38:20.433140
2022-04-23 16:47:06.137393
/home/subrata/Research/MRI/DeepSynMRI/FLASH_pure.py:137: RuntimeWarning: invalid value encountered in true_divide
  print( np.nanmean(2 * tmp_diff / (test + LS_pred), axis=0) )
[65.527629 56.228802 79.40116  42.908537 30.112793 81.870804 31.480863
 15.528097  8.580204]
[0.699367 0.645653 0.771636 0.55694  0.448036 0.785222 0.461937 0.308084
 0.329181]
0
10000
20000
30000
50000
80000
90000
100000
110000
140000
150000
160000
190000
220000
230000
240000
270000
310000
320000
330000
340000
360000
380000
390000
430000
440000
450000
460000
470000
490000
500000
520000
530000
550000
560000
600000
620000
630000
650000
720000
730000
740000
750000
760000
770000
780000
800000
810000
820000
830000
850000
870000
880000
920000
940000
950000
970000
1000000
1060000
1080000
1100000
1130000
1190000
1200000
1220000
1250000
1260000
1280000
1340000
1360000
1370000
1390000
40000
60000
70000
120000
130000
170000
180000
200000
210000
250000
260000
280000
290000
300000
350000
370000
400000
410000
420000
480000
510000
540000
570000
580000
590000
610000
640000
660000
670000
680000
690000
700000
710000
790000
840000
860000
890000
900000
910000
930000
960000
980000
990000
1010000
1020000
1030000
1040000
1050000
1070000
1090000
1110000
1120000
1140000
1150000
1160000
1170000
1180000
1210000
1230000
1240000
1270000
1290000
1300000
1310000
1320000
1330000
1350000
1380000
1400000
1410000
