2022-04-23 13:41:06.089734
[1041.33967   902.219393  821.429085 1019.233378  701.704773  585.252978
 1038.964025  596.691377  330.881949 1093.638337  420.962158  212.359466]
[2541.229427 2037.910074 1869.238317 2240.128815 1614.140719 1517.301202
 2310.557812 1531.562656 1268.422157 2617.523968 1360.59165  1082.016975]
2022-04-23 13:41:07.598970
2022-04-23 13:48:53.930505
/home/subrata/Research/MRI/DeepSynMRI/FLASH_pure.py:135: RuntimeWarning: invalid value encountered in true_divide
  print( np.nanmean(2 * tmp_diff / (test + LS_pred), axis=0) )
[69.108472 59.480325 83.451519 45.665992 32.386816 85.995726 33.80109
 16.893641  8.426685]
[0.722002 0.66867  0.793627 0.58042  0.471756 0.807054 0.48563  0.325858
 0.320237]
0
40000
60000
110000
130000
150000
180000
200000
230000
250000
260000
270000
280000
300000
310000
330000
340000
350000
360000
370000
390000
420000
430000
450000
460000
470000
480000
520000
530000
540000
550000
560000
570000
580000
610000
660000
670000
680000
700000
710000
720000
730000
760000
790000
810000
820000
850000
860000
920000
960000
980000
990000
1000000
1010000
1100000
1110000
1120000
1140000
1160000
1180000
1190000
1200000
1230000
1250000
1280000
1290000
1310000
1320000
1330000
1360000
1370000
1380000
1400000
10000
20000
30000
50000
70000
80000
90000
100000
120000
140000
160000
170000
190000
210000
220000
240000
290000
320000
380000
400000
410000
440000
490000
500000
510000
590000
600000
620000
630000
640000
650000
690000
740000
750000
770000
780000
800000
830000
840000
870000
880000
890000
900000
910000
930000
940000
950000
970000
1020000
1030000
1040000
1050000
1060000
1070000
1080000
1090000
1130000
1150000
1170000
1210000
1220000
1240000
1260000
1270000
1300000
1340000
1350000
1390000
1410000
