2022-04-23 17:55:41.407165
0
8
9
[2150.751762 1829.769808 1705.633864 2646.738481 2037.147383 1795.709156
 3487.168143 2438.79451  1714.810327 4054.430337 2226.588059 1539.081946]
[ 8164.872527  6709.503531  6221.826673  8342.334032  6227.573156
  5398.546457  8826.402426  5781.217813  5461.506844 10078.181028
  6219.078302  5478.231311]
2022-04-23 17:55:43.753810
2022-04-23 23:42:28.219801
/home/subrata/Research/MRI/DeepSynMRI/SE_pure_DL.py:144: RuntimeWarning: invalid value encountered in true_divide
  print( np.nanmean(2 * tmp_diff / (test + LS_pred), axis=0) )
[3.575072 3.456888 3.985735 3.465339 3.353952 3.678785 2.841334 3.6871
 5.219369]
[0.105589 0.107454 0.08679  0.091051 0.094562 0.062564 0.063315 0.07023
 0.116705]
40000
60000
90000
110000
130000
170000
180000
190000
200000
230000
250000
260000
280000
290000
340000
360000
370000
380000
390000
400000
410000
430000
450000
480000
500000
530000
550000
570000
600000
610000
620000
640000
650000
660000
680000
710000
760000
790000
800000
810000
820000
830000
850000
920000
930000
940000
970000
980000
1020000
1030000
1050000
1090000
1110000
1130000
1160000
1170000
1180000
1190000
1220000
1240000
1250000
1260000
1340000
1380000
1390000
1400000
1410000
0
10000
20000
30000
50000
70000
80000
100000
120000
140000
150000
160000
210000
220000
240000
270000
300000
310000
320000
330000
350000
420000
440000
460000
470000
490000
510000
520000
540000
560000
580000
590000
630000
670000
690000
700000
720000
730000
740000
750000
770000
780000
840000
860000
870000
880000
890000
900000
910000
950000
960000
990000
1000000
1010000
1040000
1060000
1070000
1080000
1100000
1120000
1140000
1150000
1200000
1210000
1230000
1270000
1280000
1290000
1300000
1310000
1320000
1330000
1350000
1360000
1370000
