2022-04-21 02:00:36.525554
0
8
9
1
2
3
4
5
6
7
10
11
[2150.751762 1829.769808 1705.633864 2646.738481 2037.147383 1795.709156
 3487.168143 2438.79451  1714.810327 4054.430337 2226.588059 1539.081946]
[ 8164.872527  6709.503531  6221.826673  8342.334032  6227.573156
  5398.546457  8826.402426  5781.217813  5461.506844 10078.181028
  6219.078302  5478.231311]
2022-04-21 02:00:37.976334
2022-04-21 02:36:15.817596
/home/subrata/Research/MRI/DeepSynMRI/SE_pure.py:138: RuntimeWarning: invalid value encountered in true_divide
  print( np.nanmean(2 * tmp_diff / (test + LS_pred), axis=0) )
[6.835794 6.742039 7.751668 7.10926  6.869158 8.61626  6.272352 5.562687
 5.929442]
[0.147933 0.152087 0.121108 0.132097 0.139252 0.098362 0.098393 0.094806
 0.136929]
0
40000
60000
70000
80000
100000
110000
160000
180000
220000
250000
270000
320000
360000
380000
400000
410000
430000
440000
450000
490000
500000
510000
520000
540000
560000
590000
610000
620000
660000
670000
710000
720000
730000
750000
770000
800000
810000
820000
840000
870000
880000
930000
940000
960000
990000
1020000
1050000
1080000
1100000
1110000
1130000
1150000
1160000
1170000
1190000
1240000
1280000
1290000
1310000
1380000
1390000
10000
20000
30000
50000
90000
120000
130000
140000
150000
170000
190000
200000
210000
230000
240000
260000
280000
290000
300000
310000
330000
340000
350000
370000
390000
420000
460000
470000
480000
530000
550000
570000
580000
600000
630000
640000
650000
680000
690000
700000
740000
760000
780000
790000
830000
850000
860000
890000
900000
910000
920000
950000
970000
980000
1000000
1010000
1030000
1040000
1060000
1070000
1090000
1120000
1140000
1180000
1200000
1210000
1220000
1230000
1250000
1260000
1270000
1300000
1320000
1330000
1340000
1350000
1360000
1370000
1400000
1410000
