2022-04-19 23:39:18.498097
2022-04-19 23:39:20.041314
1413972
2022-04-20 00:17:20.893811
[61.10655632 52.27816488 74.78300125 40.05485965 27.93021541 77.4612864
 29.48117749 12.25680555 36.97362186]
[0.6094115  0.56317703 0.67846785 0.49468512 0.40239008 0.69446482
 0.41960393 0.24480562 1.98335183]
30000
40000
50000
70000
80000
90000
120000
170000
190000
230000
260000
270000
300000
310000
320000
360000
370000
400000
410000
420000
440000
470000
480000
490000
520000
540000
550000
570000
580000
590000
600000
620000
640000
650000
670000
680000
690000
720000
730000
740000
770000
810000
850000
860000
870000
880000
910000
920000
930000
960000
970000
980000
990000
1000000
1010000
1020000
1030000
1050000
1060000
1080000
1090000
1100000
1120000
1130000
1140000
1150000
1180000
1190000
1200000
1210000
1220000
1230000
1240000
1270000
1300000
1310000
1320000
1340000
1360000
1380000
1410000
0
10000
20000
60000
100000
110000
130000
140000
150000
160000
180000
200000
210000
220000
240000
250000
280000
290000
330000
340000
350000
380000
390000
430000
450000
460000
500000
510000
530000
560000
610000
630000
660000
700000
710000
750000
760000
780000
790000
800000
820000
830000
840000
890000
900000
940000
950000
1040000
1070000
1110000
1160000
1170000
1250000
1260000
1280000
1290000
1330000
1350000
1370000
1390000
1400000
