2022-04-19 22:56:42.988612
2022-04-19 22:56:45.024658
1413972
2022-04-19 23:36:03.350781
[60.02126786 51.35341263 73.45569281 39.35760892 27.45496788 76.08958964
 28.98006856 12.07576314 36.30855259]
[0.60744781 0.56117827 0.67660371 0.49265546 0.40029588 0.69264235
 0.41752467 0.2428385  1.98356556]
0
20000
40000
50000
60000
70000
90000
100000
130000
170000
180000
190000
200000
210000
220000
240000
290000
340000
370000
390000
400000
430000
440000
460000
470000
480000
500000
520000
530000
540000
550000
560000
570000
580000
620000
630000
650000
660000
670000
690000
700000
710000
730000
750000
800000
820000
900000
920000
960000
980000
990000
1030000
1080000
1090000
1100000
1150000
1160000
1170000
1220000
1240000
1260000
1270000
1290000
1310000
1350000
1360000
1380000
1390000
1400000
1410000
10000
30000
80000
110000
120000
140000
150000
160000
230000
250000
260000
270000
280000
300000
310000
320000
330000
350000
360000
380000
410000
420000
450000
490000
510000
590000
600000
610000
640000
680000
720000
740000
760000
770000
780000
790000
810000
830000
840000
850000
860000
870000
880000
890000
910000
930000
940000
950000
970000
1000000
1010000
1020000
1040000
1050000
1060000
1070000
1110000
1120000
1130000
1140000
1180000
1190000
1200000
1210000
1230000
1250000
1280000
1300000
1320000
1330000
1340000
1370000
